Traceback (most recent call last):
  File "/resources/.pyenv/versions/3.8.12/envs/ekonml38/lib/python3.8/site-packages/jupyter_cache/executors/utils.py", line 51, in single_nb_execution
    executenb(
  File "/resources/.pyenv/versions/3.8.12/envs/ekonml38/lib/python3.8/site-packages/nbclient/client.py", line 1085, in execute
    return NotebookClient(nb=nb, resources=resources, km=km, **kwargs).execute()
  File "/resources/.pyenv/versions/3.8.12/envs/ekonml38/lib/python3.8/site-packages/nbclient/util.py", line 84, in wrapped
    return just_run(coro(*args, **kwargs))
  File "/resources/.pyenv/versions/3.8.12/envs/ekonml38/lib/python3.8/site-packages/nbclient/util.py", line 62, in just_run
    return loop.run_until_complete(coro)
  File "/resources/.pyenv/versions/3.8.12/lib/python3.8/asyncio/base_events.py", line 616, in run_until_complete
    return future.result()
  File "/resources/.pyenv/versions/3.8.12/envs/ekonml38/lib/python3.8/site-packages/nbclient/client.py", line 551, in async_execute
    await self.async_execute_cell(
  File "/resources/.pyenv/versions/3.8.12/envs/ekonml38/lib/python3.8/site-packages/nbclient/client.py", line 846, in async_execute_cell
    self._check_raise_for_error(cell, exec_reply)
  File "/resources/.pyenv/versions/3.8.12/envs/ekonml38/lib/python3.8/site-packages/nbclient/client.py", line 748, in _check_raise_for_error
    raise CellExecutionError.from_cell_and_msg(cell, exec_reply_content)
nbclient.exceptions.CellExecutionError: An error occurred while executing the following cell:
------------------
config_group='preprocessor/tokenizer=nltk'
cfg = eKonf.compose(config_group=config_group)
eKonf.pprint(cfg)
nltk = eKonf.instantiate(cfg)
------------------

[0;31m---------------------------------------------------------------------------[0m
[0;31mNameError[0m                                 Traceback (most recent call last)
Input [0;32mIn [1][0m, in [0;36m<module>[0;34m[0m
[1;32m      1[0m config_group[38;5;241m=[39m[38;5;124m'[39m[38;5;124mpreprocessor/tokenizer=nltk[39m[38;5;124m'[39m
[0;32m----> 2[0m cfg [38;5;241m=[39m [43meKonf[49m[38;5;241m.[39mcompose(config_group[38;5;241m=[39mconfig_group)
[1;32m      3[0m eKonf[38;5;241m.[39mpprint(cfg)
[1;32m      4[0m nltk [38;5;241m=[39m eKonf[38;5;241m.[39minstantiate(cfg)

[0;31mNameError[0m: name 'eKonf' is not defined
NameError: name 'eKonf' is not defined

